<?xml version="1.0" encoding="UTF-8"?>
<testsuite xmlns:xsi="http://www.w3.org/2001/XMLSchema-instance" xsi:noNamespaceSchemaLocation="https://maven.apache.org/surefire/maven-surefire-plugin/xsd/surefire-test-report-3.0.xsd" version="3.0" name="com.structurejava.LinkedQueueTest" time="0.017" tests="5" errors="0" skipped="0" failures="0">
  <properties>
[...]
</properties>
  <testcase name="ordemFifo" classname="com.structurejava.LinkedQueueTest" time="0.0"/>
  <testcase name="clear" classname="com.structurejava.LinkedQueueTest" time="0.0"/>
  <testcase name="dequeueVazia" classname="com.structurejava.LinkedQueueTest" time="0.0"/>
  <testcase name="peekNaoRemove" classname="com.structurejava.LinkedQueueTest" time="0.0"/>
  <testcase name="intercalado" classname="com.structurejava.LinkedQueueTest" time="0.0"/>
</testsuite>